<?xml version="1.0" encoding="UTF-8"?>
<!-- Generated by org.testng.reporters.JUnitXMLReporter -->
<testsuite hostname="PG014UCR" name="Windows+firefox Test" tests="1" failures="1" timestamp="20 Oct 2018 16:09:58 GMT" time="17.598" errors="0">
  <testcase name="TC_004_New_Computer_Addition_New_Computer_Name_Mandatory_Field_Verification" time="0.068" classname="com.backbase.CreateNewComputerTestCases.Add_New_Computer_Functionality_TestCases">
    <failure type="junit.framework.AssertionFailedError">
      <![CDATA[junit.framework.AssertionFailedError
	at junit.framework.Assert.fail(Assert.java:48)
	at junit.framework.Assert.assertTrue(Assert.java:20)
	at junit.framework.Assert.assertTrue(Assert.java:27)
	at com.backbase.appPages.Page_Home.verifyHomePage(Page_Home.java:79)
	at com.backbase.CreateNewComputerTestCases.Add_New_Computer_Functionality_TestCases.TC_004_New_Computer_Addition_New_Computer_Name_Mandatory_Field_Verification(Add_New_Computer_Functionality_TestCases.java:295)
	at java.util.concurrent.FutureTask.run(Unknown Source)
	at java.util.concurrent.ThreadPoolExecutor.runWorker(Unknown Source)
	at java.util.concurrent.ThreadPoolExecutor$Worker.run(Unknown Source)
	at java.lang.Thread.run(Unknown Source)
... Removed 16 stack frames]]>
    </failure>
  </testcase> <!-- TC_004_New_Computer_Addition_New_Computer_Name_Mandatory_Field_Verification -->
</testsuite> <!-- Windows+firefox Test -->
