<?xml version="1.0" encoding="UTF-8"?>
<!-- Generated by org.testng.reporters.JUnitXMLReporter -->
<testsuite hostname="PG014UCR" name="Windows+Firefox Test" tests="1" failures="1" timestamp="2 Nov 2018 15:00:17 GMT" time="17.029" errors="0">
  <testcase name="TC_01_Verify_New_Computer_Addition_With_Valid_Data_Thread_Local" time="0.005" classname="com.backbase.CreateNewComputerTestCases.TC_01_Add_New_Com_Thread_Local">
    <failure type="java.lang.NullPointerException">
      <![CDATA[java.lang.NullPointerException
	at com.backbase.CreateNewComputerTestCases.TC_01_Add_New_Com_Thread_Local.TC_01_Verify_New_Computer_Addition_With_Valid_Data_Thread_Local(TC_01_Add_New_Com_Thread_Local.java:65)
	at java.util.concurrent.FutureTask.run(Unknown Source)
	at java.util.concurrent.ThreadPoolExecutor.runWorker(Unknown Source)
	at java.util.concurrent.ThreadPoolExecutor$Worker.run(Unknown Source)
	at java.lang.Thread.run(Unknown Source)
... Removed 16 stack frames]]>
    </failure>
  </testcase> <!-- TC_01_Verify_New_Computer_Addition_With_Valid_Data_Thread_Local -->
</testsuite> <!-- Windows+Firefox Test -->
